#       step         max_devi_v         min_devi_v         avg_devi_v         max_devi_f         min_devi_f         avg_devi_f
           0       9.061598e-04       1.044963e-04       4.680057e-04       5.878663e-02       4.183256e-03       1.124199e-02
         100       8.456366e-04       2.548023e-04       4.238399e-04       3.578711e-02       4.376200e-03       1.204114e-02
         200       1.278505e-03       4.655787e-04       7.241122e-04       5.282849e-02       4.553500e-03       1.259796e-02
         300       5.788887e-04       1.314132e-04       3.631158e-04       4.015170e-02       3.762330e-03       1.302193e-02
         400       1.360827e-03       2.670916e-04       6.218829e-04       4.570889e-02       3.667244e-03       1.395385e-02
         500       1.241641e-03       2.832653e-04       6.834369e-04       4.358430e-02       4.159070e-03       1.417457e-02
         600       1.018246e-03       3.440256e-04       6.529629e-04       4.663827e-02       4.075878e-03       1.479579e-02
         700       1.802651e-03       2.112029e-04       9.264482e-04       4.319995e-02       6.201220e-03       1.614993e-02
         800       1.921557e-03       2.988196e-04       1.038264e-03       1.210619e-01       4.564352e-03       1.913689e-02
         900       1.364061e-03       2.412029e-04       8.682337e-04       9.124178e-02       6.243351e-03       1.887526e-02
        1000       1.945789e-03       6.265061e-04       1.125415e-03       6.939445e-02       5.862477e-03       1.826430e-02
        1100       2.047415e-03       2.884870e-04       1.143344e-03       4.713083e-02       4.099548e-03       1.693508e-02
        1200       2.172984e-03       2.589322e-04       1.063530e-03       4.193054e-02       6.849570e-03       1.644869e-02
        1300       2.264204e-03       2.159241e-04       1.261321e-03       4.007312e-02       6.846771e-03       1.630086e-02
        1400       3.053611e-03       2.496313e-04       1.479195e-03       3.848912e-02       5.103080e-03       1.584215e-02
        1500       2.751458e-03       1.594206e-04       1.335977e-03       6.778977e-02       5.175506e-03       1.668977e-02
        1600       2.607523e-03       3.462359e-04       1.386757e-03       5.433302e-02       5.687825e-03       1.708578e-02
        1700       1.899975e-03       2.943148e-04       1.047842e-03       5.133417e-02       5.562336e-03       1.678100e-02
        1800       2.037813e-03       1.422158e-04       1.141781e-03       4.472022e-02       4.320893e-03       1.704901e-02
        1900       2.994867e-03       3.051558e-04       1.484440e-03       4.861904e-02       4.706441e-03       1.751412e-02
        2000       2.322095e-03       1.248286e-04       1.287220e-03       4.495176e-02       5.474809e-03       1.715569e-02
        2100       2.326949e-03       2.974942e-04       1.157750e-03       4.726992e-02       5.938177e-03       1.771405e-02
        2200       2.454794e-03       1.009461e-04       1.343517e-03       4.467768e-02       6.429836e-03       1.795363e-02
        2300       2.340908e-03       4.797439e-04       1.230091e-03       5.175188e-02       6.998100e-03       1.878129e-02
        2400       1.824792e-03       4.276084e-04       1.053822e-03       5.669791e-02       5.610452e-03       1.668153e-02
        2500       2.855243e-03       4.281050e-04       1.335446e-03       4.455350e-02       6.193665e-03       1.823722e-02
        2600       3.682630e-03       4.379809e-04       1.823105e-03       3.962611e-02       5.863510e-03       1.767039e-02
        2700       1.888895e-03       2.766002e-04       9.003670e-04       4.158909e-02       4.759553e-03       1.614046e-02
        2800       1.969564e-03       3.766396e-04       1.067803e-03       4.876913e-02       4.860012e-03       1.612888e-02
        2900       1.554636e-03       2.887857e-04       8.878764e-04       6.380671e-02       4.657536e-03       1.741980e-02
        3000       2.235635e-03       2.421505e-04       1.209198e-03       7.337906e-02       6.683639e-03       2.060685e-02
        3100       1.881775e-03       1.443430e-04       1.104811e-03       4.414879e-02       4.809676e-03       1.757659e-02
        3200       1.802181e-03       1.677138e-04       9.834104e-04       4.582121e-02       6.363300e-03       1.836253e-02
        3300       2.510337e-03       2.117039e-04       1.221115e-03       6.633217e-02       4.412831e-03       1.803299e-02
        3400       2.108754e-03       3.699505e-04       1.161741e-03       5.487503e-02       6.572047e-03       1.694493e-02
        3500       1.907604e-03       1.030915e-04       1.061512e-03       4.492661e-02       5.257759e-03       1.673509e-02
        3600       2.668063e-03       1.374469e-04       1.416059e-03       8.320866e-02       5.361209e-03       1.953344e-02
        3700       2.608179e-03       4.769976e-04       1.537211e-03       8.343670e-02       6.607637e-03       1.789190e-02
        3800       2.402574e-03       4.812652e-04       1.370477e-03       8.014867e-02       5.296556e-03       1.952388e-02
        3900       2.826374e-03       4.776520e-04       1.402830e-03       7.926819e-02       6.883049e-03       1.867053e-02
        4000       3.560818e-03       2.333445e-04       1.614479e-03       6.486972e-02       5.594793e-03       2.075869e-02
        4100       2.619409e-03       5.102099e-04       1.330839e-03       5.183891e-02       7.018813e-03       1.898839e-02
        4200       2.761678e-03       4.601316e-04       1.612692e-03       5.105746e-02       6.155837e-03       1.871687e-02
        4300       2.247619e-03       3.925020e-04       1.224277e-03       5.714082e-02       6.074519e-03       1.897218e-02
        4400       2.819385e-03       1.780909e-04       1.339223e-03       4.319771e-02       4.671763e-03       1.684399e-02
        4500       3.025645e-03       1.213773e-04       1.549147e-03       5.267117e-02       6.581454e-03       1.882873e-02
        4600       1.930418e-03       4.551804e-04       1.173714e-03       8.391529e-02       6.313385e-03       1.962076e-02
        4700       2.577199e-03       5.531570e-04       1.331527e-03       6.468025e-02       7.225428e-03       2.025447e-02
        4800       2.534690e-03       5.693186e-05       1.353941e-03       1.134186e-01       6.013022e-03       1.910992e-02
        4900       2.658289e-03       3.888144e-04       1.367166e-03       7.172048e-02       5.529900e-03       1.942108e-02
        5000       2.688757e-03       7.111241e-05       1.401680e-03       6.760314e-02       7.172477e-03       1.918355e-02
        5100       2.782320e-03       1.290052e-04       1.442961e-03       8.766568e-02       4.439926e-03       2.003269e-02
        5200       3.449119e-03       9.560192e-05       1.543356e-03       7.481727e-02       5.652571e-03       2.072865e-02
        5300       3.181956e-03       6.064321e-04       1.862142e-03       6.780981e-02       6.500947e-03       2.195514e-02
        5400       2.810134e-03       1.288395e-04       1.646859e-03       5.225020e-02       7.470421e-03       1.978212e-02
        5500       3.080184e-03       1.595352e-04       1.644562e-03       5.688184e-02       7.011062e-03       2.116509e-02
        5600       2.944615e-03       2.547107e-04       1.671509e-03       6.321165e-02       7.130987e-03       2.050509e-02
        5700       3.532930e-03       3.598642e-04       1.955618e-03       3.596247e-02       6.321668e-03       1.661787e-02
        5800       2.573895e-03       3.593124e-04       1.508175e-03       4.061990e-02       4.554725e-03       1.675832e-02
        5900       3.332853e-03       4.168365e-04       1.929020e-03       9.049744e-02       3.257389e-03       2.251021e-02
        6000       2.723497e-03       3.408133e-04       1.534818e-03       5.828799e-02       5.952328e-03       1.942107e-02
        6100       1.648015e-03       5.054679e-04       1.098488e-03       4.833054e-02       5.257120e-03       2.234759e-02
        6200       3.071146e-03       5.678160e-04       1.464011e-03       1.101776e-01       5.344579e-03       2.202131e-02
        6300       3.451315e-03       3.456288e-04       1.789723e-03       6.424525e-02       5.099673e-03       1.934920e-02
        6400       3.096484e-03       1.798419e-04       1.630960e-03       4.988071e-02       4.751475e-03       1.684466e-02
        6500       3.165776e-03       2.314615e-04       1.770822e-03       4.002440e-02       4.765681e-03       1.695727e-02
        6600       2.616468e-03       2.762369e-04       1.354887e-03       4.701548e-02       5.837788e-03       1.845001e-02
        6700       2.819155e-03       4.118228e-04       1.649445e-03       4.283410e-02       6.203765e-03       1.826851e-02
        6800       3.235342e-03       4.805325e-04       1.707299e-03       4.901225e-02       6.417737e-03       2.025546e-02
        6900       2.817459e-03       1.616898e-04       1.517472e-03       5.162190e-02       6.378872e-03       2.077127e-02
        7000       2.768578e-03       3.442732e-04       1.382863e-03       5.598723e-02       5.702056e-03       1.889742e-02
        7100       2.757867e-03       3.358794e-04       1.593015e-03       4.593392e-02       5.033890e-03       1.897862e-02
        7200       3.988809e-03       4.579538e-04       1.883147e-03       6.923146e-02       5.829136e-03       1.928494e-02
        7300       3.063859e-03       3.483595e-04       1.610050e-03       7.936900e-02       6.689410e-03       2.073352e-02
        7400       3.106051e-03       2.590343e-04       1.560625e-03       9.083431e-02       5.067192e-03       2.031143e-02
        7500       2.687858e-03       2.583651e-04       1.562611e-03       5.011155e-02       6.199737e-03       1.994686e-02
        7600       3.310244e-03       4.015918e-04       1.756533e-03       6.635982e-02       7.294320e-03       1.967249e-02
        7700       2.861160e-03       3.583779e-04       1.590771e-03       8.710161e-02       4.726778e-03       2.004822e-02
        7800       3.505657e-03       1.946755e-04       1.839698e-03       4.514214e-02       5.236993e-03       1.887154e-02
        7900       3.029757e-03       1.644661e-04       1.606214e-03       7.476151e-02       6.163527e-03       2.137150e-02
        8000       2.796653e-03       3.072830e-04       1.513016e-03       4.566574e-02       6.136350e-03       1.830555e-02
        8100       2.754346e-03       2.572130e-04       1.417989e-03       5.260208e-02       4.819544e-03       2.020485e-02
        8200       3.141121e-03       2.811676e-04       1.782187e-03       6.656339e-02       4.144874e-03       1.983612e-02
        8300       3.612072e-03       4.338464e-04       1.864784e-03       6.352332e-02       5.258871e-03       1.994909e-02
        8400       2.996944e-03       3.980168e-04       1.655082e-03       4.576249e-02       5.206123e-03       1.933668e-02
        8500       3.755844e-03       3.739793e-04       1.920134e-03       6.942656e-02       7.664710e-03       2.069243e-02
        8600       2.160873e-03       3.885075e-04       1.281255e-03       6.789265e-02       6.932827e-03       2.253683e-02
        8700       3.179363e-03       1.472140e-04       1.713146e-03       5.697406e-02       6.216084e-03       2.094480e-02
        8800       3.272714e-03       3.954550e-04       1.590245e-03       8.083945e-02       6.745682e-03       2.280336e-02
        8900       3.520478e-03       1.836133e-04       1.856705e-03       5.457333e-02       7.592043e-03       2.004179e-02
        9000       4.023143e-03       3.032703e-04       1.951295e-03       6.085660e-02       7.568882e-03       2.039670e-02
        9100       3.631590e-03       4.261421e-04       2.053714e-03       7.137497e-02       4.688380e-03       2.160978e-02
        9200       3.660641e-03       3.805056e-04       1.954126e-03       5.075206e-02       5.257696e-03       2.092810e-02
        9300       4.582097e-03       1.761482e-04       2.388490e-03       7.140822e-02       7.474440e-03       2.124223e-02
        9400       4.009202e-03       2.911088e-04       2.187052e-03       4.829904e-02       6.318780e-03       2.100900e-02
        9500       3.527580e-03       5.039545e-04       2.020559e-03       6.868213e-02       7.940009e-03       2.256727e-02
        9600       3.522682e-03       4.638618e-04       1.938486e-03       6.074269e-02       6.911758e-03       2.373805e-02
        9700       3.661486e-03       4.265978e-04       1.812843e-03       6.022335e-02       8.028653e-03       2.205323e-02
        9800       3.645336e-03       3.603433e-04       2.065214e-03       8.524010e-02       7.921530e-03       2.288839e-02
        9900       3.880699e-03       1.526176e-04       2.059053e-03       5.066783e-02       7.034509e-03       2.041478e-02
       10000       2.968500e-03       6.283849e-04       1.755434e-03       4.816889e-02       6.270638e-03       1.950051e-02
       10100       3.097632e-03       4.278448e-04       1.681199e-03       5.897409e-02       5.973069e-03       1.956081e-02
       10200       3.356329e-03       7.655353e-05       1.558912e-03       5.651877e-02       5.067058e-03       2.072810e-02
       10300       3.776671e-03       3.150648e-04       1.777808e-03       3.610584e-02       4.545417e-03       1.855986e-02
       10400       2.900337e-03       2.025913e-04       1.546074e-03       7.699002e-02       5.680757e-03       2.070950e-02
       10500       2.355632e-03       1.934597e-04       1.239468e-03       9.965610e-02       5.766808e-03       2.030361e-02
       10600       2.668535e-03       1.857903e-04       1.400179e-03       5.850377e-02       2.891224e-03       1.918342e-02
       10700       3.106087e-03       2.107932e-04       1.491321e-03       6.774359e-02       7.018004e-03       2.013925e-02
       10800       2.950497e-03       4.205047e-04       1.686339e-03       5.848898e-02       5.858229e-03       1.736923e-02
       10900       2.534901e-03       3.504743e-04       1.495728e-03       5.267491e-02       4.687989e-03       1.933396e-02
       11000       2.424036e-03       1.910228e-04       1.301533e-03       7.464395e-02       5.162178e-03       1.985855e-02
       11100       2.180265e-03       3.318226e-04       1.192782e-03       8.072477e-02       4.946293e-03       1.937398e-02
       11200       3.315034e-03       5.083419e-04       1.533169e-03       6.363518e-02       5.315429e-03       2.046674e-02
       11300       1.823188e-03       2.674757e-04       1.104229e-03       6.095083e-02       6.198505e-03       1.886429e-02
       11400       2.318085e-03       5.723613e-04       1.129406e-03       3.985589e-02       7.015073e-03       1.615751e-02
       11500       1.800680e-03       1.791705e-04       9.811280e-04       3.751928e-02       5.624011e-03       1.700141e-02
       11600       1.662949e-03       1.884034e-04       1.005836e-03       5.562899e-02       5.883632e-03       1.912232e-02
       11700       1.885321e-03       3.967871e-04       1.101603e-03       5.925484e-02       4.037706e-03       1.835418e-02
       11800       2.197226e-03       4.007055e-04       1.230895e-03       6.065861e-02       5.616004e-03       1.917863e-02
       11900       2.014634e-03       3.356496e-04       1.126694e-03       7.723946e-02       6.448436e-03       1.932566e-02
       12000       2.398670e-03       1.429816e-04       1.319578e-03       5.624923e-02       4.715120e-03       1.922957e-02
       12100       2.402346e-03       4.363508e-04       1.232069e-03       6.402454e-02       6.231389e-03       1.686366e-02
       12200       2.319896e-03       2.357376e-04       1.071262e-03       6.494194e-02       6.001608e-03       1.964798e-02
       12300       2.638923e-03       3.514843e-04       1.335671e-03       9.493094e-02       4.996393e-03       2.012930e-02
       12400       2.867655e-03       1.807446e-04       1.390047e-03       7.860002e-02       6.420337e-03       1.817106e-02
       12500       3.477021e-03       3.268478e-04       1.817337e-03       5.721416e-02       5.619846e-03       1.897879e-02
       12600       3.545689e-03       7.240432e-04       1.943620e-03       9.401034e-02       6.752001e-03       2.165345e-02
       12700       2.866822e-03       2.793779e-04       1.499596e-03       7.254917e-02       5.626117e-03       2.005362e-02
       12800       2.821545e-03       6.023637e-04       1.502764e-03       8.461461e-02       5.595779e-03       2.195262e-02
       12900       3.113089e-03       4.431788e-04       1.547238e-03       8.339958e-02       6.226193e-03       2.190546e-02
       13000       3.306461e-03       3.519914e-04       1.757736e-03       8.025946e-02       5.311926e-03       1.944797e-02
       13100       3.427425e-03       2.679949e-04       1.691617e-03       5.614431e-02       6.250132e-03       2.131024e-02
       13200       3.333775e-03       3.228378e-04       1.576431e-03       8.075025e-02       5.588189e-03       2.155334e-02
       13300       2.858555e-03       4.599267e-04       1.584289e-03       7.896016e-02       6.006919e-03       2.081468e-02
       13400       3.153405e-03       4.055377e-04       1.760868e-03       7.351292e-02       5.482593e-03       2.286905e-02
       13500       3.313653e-03       2.988704e-04       1.704296e-03       5.071527e-02       6.341644e-03       2.185910e-02
       13600       2.478293e-03       4.870394e-04       1.391431e-03       8.957581e-02       6.229634e-03       2.392456e-02
       13700       4.070161e-03       4.664341e-04       2.143240e-03       7.250040e-02       6.364127e-03       2.205884e-02
       13800       3.881479e-03       6.069411e-04       2.164102e-03       5.658480e-02       6.855389e-03       2.224407e-02
       13900       4.399845e-03       3.259270e-04       2.301602e-03       6.735725e-02       7.398545e-03       2.180437e-02
       14000       4.148885e-03       2.206807e-04       2.119701e-03       7.063625e-02       5.967965e-03       2.461104e-02
       14100       4.149032e-03       4.844771e-04       2.222655e-03       6.054443e-02       6.786384e-03       2.415593e-02
       14200       2.876594e-03       5.258030e-04       1.587567e-03       7.300736e-02       8.028923e-03       2.202437e-02
       14300       3.116384e-03       5.329006e-04       1.702617e-03       6.527513e-02       7.193320e-03       2.199782e-02
       14400       2.969156e-03       5.262015e-04       1.690812e-03       6.143079e-02       6.156537e-03       2.251080e-02
       14500       2.873098e-03       3.882667e-04       1.566598e-03       7.384415e-02       5.111642e-03       2.220999e-02
       14600       2.731046e-03       3.492206e-05       1.465712e-03       6.618159e-02       7.273236e-03       2.270470e-02
       14700       3.147652e-03       3.012023e-04       1.758990e-03       4.780729e-02       6.262807e-03       1.904093e-02
       14800       3.427224e-03       1.826441e-04       1.786446e-03       4.929359e-02       7.067437e-03       2.018631e-02
       14900       4.127357e-03       5.037543e-04       2.071067e-03       5.603481e-02       7.820781e-03       2.108798e-02
       15000       3.673459e-03       2.838598e-04       2.038308e-03       6.676232e-02       6.299010e-03       2.010459e-02
       15100       3.790616e-03       1.475772e-04       2.143179e-03       7.020911e-02       6.808379e-03       2.010837e-02
       15200       3.245132e-03       3.265679e-04       1.779215e-03       5.520995e-02       6.038171e-03       1.951850e-02
       15300       3.301200e-03       2.770696e-04       1.890383e-03       4.624720e-02       4.982341e-03       1.884260e-02
       15400       3.752765e-03       2.791376e-04       1.758361e-03       5.042258e-02       5.174694e-03       2.030527e-02
       15500       3.459820e-03       6.288558e-04       1.986874e-03       5.663976e-02       5.442223e-03       1.868974e-02
       15600       3.963237e-03       2.044518e-04       1.874062e-03       4.432852e-02       5.270766e-03       1.793974e-02
       15700       3.198733e-03       2.647518e-04       1.499868e-03       4.748551e-02       5.718474e-03       1.969352e-02
       15800       2.429251e-03       7.801217e-05       1.250164e-03       4.065121e-02       3.852539e-03       1.874407e-02
       15900       1.956706e-03       7.036106e-05       1.119678e-03       6.569816e-02       7.765164e-03       1.985125e-02
       16000       2.565419e-03       3.271189e-04       1.354160e-03       6.135303e-02       4.672429e-03       1.858838e-02
       16100       2.554921e-03       3.809048e-04       1.310910e-03       8.142036e-02       6.111463e-03       1.948411e-02
       16200       2.396569e-03       3.993416e-04       1.433316e-03       7.239529e-02       6.671621e-03       2.021422e-02
       16300       2.460499e-03       4.635275e-04       1.276926e-03       4.035413e-02       6.472444e-03       1.904929e-02
       16400       2.240898e-03       2.473007e-04       1.304337e-03       4.350739e-02       3.875472e-03       1.903932e-02
       16500       2.661363e-03       3.165415e-04       1.267642e-03       5.123927e-02       5.427274e-03       1.789788e-02
       16600       2.573887e-03       2.833437e-04       1.465669e-03       5.461225e-02       5.830580e-03       1.859167e-02
       16700       2.188245e-03       4.990630e-04       1.272087e-03       6.864495e-02       5.347513e-03       1.924051e-02
       16800       2.088627e-03       2.715009e-04       1.161925e-03       6.629314e-02       6.863163e-03       2.074025e-02
       16900       3.150686e-03       2.688581e-04       1.667790e-03       9.832833e-02       3.994648e-03       1.981668e-02
       17000       2.902380e-03       1.929723e-04       1.647250e-03       7.768209e-02       5.979876e-03       2.268498e-02
       17100       3.430312e-03       4.625593e-04       1.970576e-03       7.065715e-02       5.039019e-03       1.975671e-02
       17200       3.429539e-03       4.100779e-04       1.951708e-03       6.927058e-02       5.712412e-03       1.862674e-02
       17300       2.694087e-03       1.326268e-04       1.550884e-03       5.080758e-02       4.868967e-03       1.824839e-02
       17400       3.033727e-03       9.800327e-05       1.726951e-03       6.287298e-02       6.597504e-03       1.851899e-02
       17500       2.901769e-03       3.251848e-04       1.555076e-03       6.219509e-02       4.391049e-03       1.812225e-02
       17600       2.916462e-03       4.481387e-04       1.535072e-03       6.889324e-02       4.955583e-03       2.023157e-02
       17700       2.282497e-03       3.718742e-04       1.359224e-03       6.003138e-02       4.692064e-03       1.951411e-02
       17800       2.956587e-03       5.251285e-04       1.681075e-03       4.682843e-02       6.101446e-03       1.793189e-02
       17900       2.869050e-03       1.350043e-04       1.517339e-03       4.680858e-02       6.066682e-03       1.758942e-02
       18000       2.792811e-03       3.245658e-04       1.509611e-03       4.919335e-02       5.417001e-03       1.914079e-02
       18100       2.994321e-03       4.270799e-04       1.634481e-03       6.025686e-02       5.502802e-03       2.070146e-02
       18200       2.870466e-03       2.374821e-04       1.532525e-03       4.630875e-02       4.903384e-03       1.958543e-02
       18300       2.618060e-03       4.823224e-04       1.326120e-03       1.047202e-01       7.190306e-03       2.158380e-02
       18400       3.152602e-03       1.945217e-04       1.535067e-03       5.944930e-02       6.144257e-03       2.255313e-02
       18500       3.186506e-03       3.149643e-04       1.812388e-03       5.594506e-02       7.239569e-03       2.120042e-02
       18600       2.797684e-03       2.886309e-04       1.372663e-03       6.688478e-02       6.054514e-03       2.071450e-02
       18700       3.267233e-03       2.556905e-04       1.802285e-03       6.011637e-02       7.185248e-03       2.038054e-02
       18800       3.106404e-03       3.727548e-04       1.734037e-03       7.226301e-02       4.650815e-03       2.192479e-02
       18900       3.581571e-03       3.183414e-04       1.818082e-03       6.657421e-02       4.260019e-03       2.107053e-02
       19000       3.421516e-03       5.355732e-04       1.816342e-03       5.700531e-02       6.119171e-03       1.955799e-02
       19100       3.224656e-03       3.354671e-04       1.841862e-03       6.034822e-02       7.192426e-03       2.270906e-02
       19200       3.509536e-03       4.936057e-04       1.719090e-03       8.020663e-02       5.529926e-03       2.058322e-02
       19300       2.388055e-03       4.456744e-04       1.294858e-03       5.223458e-02       5.280051e-03       1.982048e-02
       19400       2.872696e-03       2.496991e-04       1.572055e-03       8.609357e-02       7.348472e-03       2.197863e-02
       19500       2.548935e-03       3.126919e-04       1.408260e-03       4.522032e-02       6.617873e-03       1.895544e-02
       19600       1.709167e-03       2.027960e-04       9.954140e-04       5.633144e-02       7.187832e-03       2.067631e-02
       19700       3.627128e-03       2.546294e-04       1.901735e-03       1.400199e-01       4.858983e-03       2.125707e-02
       19800       3.157795e-03       2.691915e-04       1.587134e-03       8.446873e-02       7.213189e-03       2.221825e-02
       19900       2.841273e-03       4.727505e-04       1.513025e-03       1.006650e-01       5.408470e-03       1.918922e-02
       20000       2.567539e-03       5.761450e-04       1.584736e-03       4.911356e-02       5.208438e-03       1.811600e-02
       20100       3.154974e-03       3.780109e-04       1.697165e-03       5.818586e-02       8.409461e-03       2.064347e-02
       20200       2.889233e-03       3.441564e-04       1.657650e-03       8.321137e-02       5.389285e-03       1.982679e-02
       20300       4.309992e-03       5.053029e-04       2.324973e-03       5.837602e-02       5.479510e-03       1.943094e-02
       20400       3.730282e-03       3.264658e-04       2.062398e-03       1.051961e-01       7.046026e-03       2.072290e-02
       20500       4.184315e-03       3.286537e-04       2.190807e-03       8.292911e-02       4.601183e-03       2.215613e-02
       20600       3.600717e-03       6.649492e-05       1.689933e-03       7.130105e-02       5.176583e-03       2.329152e-02
       20700       3.429772e-03       2.562530e-04       1.859163e-03       7.036331e-02       7.365056e-03       2.319492e-02
       20800       2.837485e-03       5.056287e-04       1.554652e-03       9.719744e-02       7.228053e-03       2.350372e-02
       20900       3.380796e-03       1.911614e-04       1.926748e-03       5.823706e-02       5.904751e-03       2.359485e-02
       21000       3.695544e-03       2.479786e-04       1.745703e-03       1.094373e-01       8.662782e-03       2.473491e-02
       21100       3.353164e-03       3.307650e-04       1.841314e-03       6.066849e-02       5.829164e-03       2.231607e-02
       21200       3.122881e-03       1.923598e-04       1.622512e-03       6.583135e-02       7.250496e-03       2.328810e-02
       21300       3.416291e-03       7.265188e-05       1.795016e-03       1.338541e-01       6.313008e-03       2.391941e-02
       21400       4.011480e-03       4.350791e-04       2.217002e-03       7.478922e-02       8.345122e-03       2.420242e-02
       21500       3.626952e-03       2.456425e-04       1.743688e-03       8.701572e-02       8.871681e-03       2.603794e-02
       21600       3.336811e-03       1.003357e-04       1.921837e-03       6.464992e-02       7.113128e-03       2.542676e-02
       21700       2.973762e-03       4.522839e-04       1.741275e-03       6.667306e-02       1.005979e-02       2.611705e-02
       21800       3.711860e-03       7.267595e-04       1.924930e-03       8.632017e-02       6.700475e-03       2.601399e-02
       21900       3.576373e-03       7.303554e-04       2.119493e-03       1.101784e-01       8.106923e-03       2.988066e-02
       22000       3.677080e-03       4.656573e-04       1.990835e-03       8.681590e-02       6.751985e-03       2.802157e-02
       22100       4.350837e-03       5.726408e-04       2.261182e-03       1.125473e-01       7.679334e-03       2.780926e-02
       22200       2.622531e-03       8.233324e-04       1.632017e-03       9.599197e-02       6.961280e-03       2.640474e-02
       22300       4.093184e-03       3.699854e-04       2.282711e-03       9.115532e-02       7.895810e-03       2.656812e-02
       22400       4.351446e-03       4.183362e-04       2.223821e-03       6.440455e-02       7.421824e-03       2.614447e-02
       22500       3.503610e-03       4.010595e-04       1.917765e-03       7.459836e-02       9.180035e-03       2.786836e-02
       22600       3.818201e-03       3.185967e-04       2.050646e-03       8.027398e-02       7.956259e-03       2.457089e-02
       22700       3.300275e-03       5.441141e-04       1.706790e-03       9.853466e-02       7.819318e-03       2.627735e-02
       22800       3.173243e-03       4.758263e-04       1.730269e-03       9.021620e-02       8.198657e-03       2.733961e-02
       22900       3.487130e-03       4.842216e-04       2.106524e-03       8.882890e-02       6.951775e-03       2.870028e-02
       23000       3.901567e-03       4.582619e-04       2.214609e-03       9.806131e-02       7.079134e-03       2.753241e-02
       23100       3.936718e-03       4.063539e-04       2.299264e-03       1.078557e-01       8.364173e-03       2.778084e-02
       23200       3.841437e-03       5.080753e-04       2.198538e-03       8.457360e-02       9.682929e-03       2.734415e-02
       23300       4.128869e-03       4.732434e-04       2.370118e-03       1.018608e-01       8.063256e-03       2.625562e-02
       23400       4.513440e-03       1.557100e-04       2.287278e-03       1.122225e-01       5.274478e-03       2.590088e-02
       23500       3.428731e-03       4.019132e-04       1.940224e-03       1.023957e-01       7.237796e-03       2.869642e-02
       23600       3.141532e-03       5.565547e-04       1.822566e-03       8.419841e-02       7.507917e-03       2.612026e-02
       23700       3.975619e-03       7.574059e-04       2.214615e-03       1.201714e-01       8.237767e-03       2.774407e-02
       23800       4.938446e-03       5.206735e-04       2.788685e-03       8.947041e-02       7.848744e-03       2.717983e-02
       23900       4.435155e-03       5.676640e-04       2.381426e-03       8.965251e-02       7.177983e-03       2.797776e-02
       24000       4.812189e-03       5.152874e-04       2.473984e-03       8.181713e-02       5.911297e-03       2.804111e-02
       24100       5.412444e-03       7.465129e-04       2.785305e-03       8.983616e-02       7.315042e-03       2.809054e-02
       24200       4.562684e-03       9.475975e-04       2.656608e-03       9.995786e-02       7.393978e-03       3.169773e-02
       24300       4.541448e-03       4.030912e-04       2.592792e-03       9.471200e-02       6.968503e-03       3.327241e-02
       24400       4.312533e-03       3.828195e-04       2.159080e-03       7.786568e-02       9.368550e-03       2.953031e-02
       24500       4.308803e-03       3.537123e-04       2.206643e-03       9.016526e-02       7.359501e-03       3.048305e-02
       24600       5.617585e-03       4.292796e-04       2.409510e-03       1.092044e-01       8.974221e-03       2.996296e-02
       24700       4.629368e-03       2.091491e-04       2.240506e-03       1.187047e-01       8.880465e-03       2.972325e-02
       24800       3.465513e-03       7.518061e-04       1.993744e-03       7.560782e-02       8.825944e-03       2.921374e-02
       24900       3.948983e-03       2.760566e-04       2.169253e-03       9.827179e-02       7.234627e-03       2.881371e-02
       25000       4.199243e-03       3.586217e-04       2.366625e-03       1.035416e-01       6.687587e-03       2.809777e-02
       25100       4.123756e-03       5.948747e-04       2.227449e-03       7.941417e-02       7.995366e-03       2.904248e-02
       25200       4.700268e-03       8.632609e-04       2.182190e-03       9.377876e-02       8.245447e-03       2.932043e-02
       25300       4.180732e-03       5.465850e-04       2.393365e-03       1.295431e-01       9.383771e-03       3.025232e-02
       25400       4.176847e-03       1.811113e-04       2.312732e-03       8.253922e-02       5.139310e-03       2.708643e-02
       25500       4.220776e-03       3.186438e-04       2.367134e-03       8.272278e-02       1.145093e-02       2.966478e-02
       25600       4.308043e-03       7.016987e-04       2.616695e-03       8.671422e-02       7.821407e-03       2.918896e-02
       25700       5.504971e-03       3.545424e-04       2.883519e-03       8.804137e-02       8.263769e-03       2.946226e-02
       25800       5.520254e-03       2.946670e-04       2.846650e-03       8.141153e-02       8.721892e-03       2.955792e-02
       25900       5.069762e-03       6.782500e-04       3.021690e-03       9.562316e-02       7.851634e-03       3.181672e-02
       26000       5.180403e-03       6.020900e-04       2.681489e-03       9.402487e-02       5.462196e-03       3.387876e-02
       26100       5.121949e-03       4.472294e-04       2.361893e-03       9.769071e-02       7.747982e-03       3.234096e-02
       26200       4.741957e-03       6.908020e-04       2.341211e-03       7.571988e-02       9.841693e-03       3.202505e-02
       26300       5.312073e-03       1.130744e-04       2.590423e-03       8.604909e-02       8.742034e-03       2.988066e-02
       26400       5.236842e-03       4.438340e-04       2.804439e-03       8.563675e-02       9.099374e-03       3.404091e-02
       26500       5.360866e-03       6.665052e-04       2.848208e-03       8.871100e-02       1.129447e-02       3.158270e-02
       26600       4.548417e-03       2.224938e-04       2.428790e-03       8.120023e-02       9.340180e-03       3.040377e-02
       26700       5.314359e-03       2.274027e-04       2.657745e-03       9.721101e-02       1.025762e-02       3.171132e-02
       26800       5.086607e-03       5.049410e-04       2.676165e-03       1.050195e-01       8.936627e-03       3.087266e-02
       26900       5.190440e-03       5.241877e-04       2.892672e-03       8.638526e-02       7.654518e-03       2.990933e-02
       27000       5.069119e-03       5.931905e-04       2.659349e-03       9.508741e-02       9.943185e-03       3.187240e-02
       27100       4.801774e-03       8.149521e-04       2.606607e-03       1.023653e-01       1.059149e-02       3.343762e-02
       27200       5.611016e-03       5.395383e-04       3.301315e-03       1.266710e-01       1.115023e-02       3.390217e-02
       27300       5.566204e-03       2.473718e-04       3.010678e-03       1.006795e-01       9.362218e-03       3.147883e-02
       27400       4.794124e-03       5.311184e-04       2.635759e-03       1.171021e-01       8.489065e-03       3.256912e-02
       27500       6.352297e-03       4.684097e-04       3.148056e-03       1.323011e-01       7.215040e-03       3.566992e-02
       27600       5.613294e-03       4.753470e-04       2.980698e-03       1.045327e-01       8.828612e-03       3.542032e-02
       27700       4.990520e-03       7.895356e-04       2.853820e-03       9.796124e-02       7.608383e-03       3.721499e-02
       27800       4.553824e-03       7.045610e-04       2.503791e-03       1.376748e-01       9.286322e-03       3.621985e-02
       27900       5.429013e-03       6.817643e-04       2.913935e-03       1.117814e-01       6.882557e-03       3.571773e-02
       28000       5.843948e-03       1.912771e-04       3.285796e-03       9.920261e-02       1.015369e-02       3.764987e-02
       28100       7.002058e-03       6.898841e-04       3.535711e-03       1.110990e-01       1.100127e-02       4.132927e-02
       28200       5.943242e-03       9.012303e-04       3.070362e-03       1.187359e-01       1.004116e-02       4.102487e-02
       28300       6.753965e-03       5.864879e-04       3.309030e-03       1.193446e-01       8.038165e-03       4.019664e-02
       28400       6.550029e-03       5.845434e-04       3.379590e-03       1.342936e-01       1.242692e-02       4.207722e-02
       28500       6.159299e-03       5.902070e-04       3.445281e-03       1.025287e-01       8.594840e-03       4.115395e-02
       28600       5.161004e-03       6.329802e-04       2.972829e-03       1.153065e-01       1.079495e-02       4.332602e-02
       28700       5.254891e-03       2.605313e-04       2.952158e-03       1.081478e-01       7.896864e-03       3.959817e-02
       28800       5.173526e-03       7.792136e-04       2.937011e-03       1.163337e-01       1.120501e-02       4.155765e-02
       28900       6.474192e-03       8.889863e-04       3.057908e-03       1.068461e-01       1.131056e-02       4.089396e-02
       29000       5.373997e-03       2.687092e-04       2.768380e-03       1.085559e-01       9.854179e-03       3.933139e-02
       29100       5.025646e-03       5.126664e-04       2.573199e-03       1.204896e-01       5.813829e-03       4.186327e-02
       29200       5.627633e-03       7.648277e-04       3.097219e-03       1.220379e-01       1.118615e-02       4.194941e-02
       29300       5.791712e-03       5.673240e-04       3.198264e-03       1.057982e-01       9.490566e-03       4.111571e-02
       29400       4.410009e-03       3.961346e-04       2.325460e-03       1.025929e-01       1.205896e-02       4.429864e-02
       29500       4.395660e-03       2.968170e-04       2.441957e-03       1.089373e-01       9.220407e-03       4.268816e-02
       29600       5.844647e-03       3.170235e-04       3.054647e-03       1.048121e-01       9.293080e-03       4.449955e-02
       29700       4.317923e-03       4.585500e-04       2.457533e-03       1.132247e-01       1.099503e-02       4.326983e-02
       29800       4.648476e-03       2.027436e-04       2.624906e-03       1.094251e-01       1.346501e-02       4.411927e-02
       29900       4.480547e-03       6.816978e-04       2.463611e-03       1.157852e-01       1.178401e-02       4.551234e-02
       30000       5.381940e-03       1.391781e-04       2.872994e-03       1.338909e-01       1.187015e-02       4.603101e-02
       30100       5.924838e-03       3.173218e-04       3.217927e-03       1.290175e-01       1.006802e-02       4.557682e-02
       30200       5.119429e-03       3.993128e-04       2.933081e-03       1.268035e-01       1.410103e-02       4.566734e-02
       30300       5.695709e-03       9.445857e-04       3.066176e-03       1.101767e-01       1.403862e-02       4.778132e-02
       30400       6.411552e-03       4.783324e-04       3.360000e-03       1.859034e-01       1.387861e-02       4.904509e-02
       30500       6.038445e-03       5.280644e-04       2.978004e-03       1.246839e-01       1.253683e-02       4.577636e-02
       30600       5.515434e-03       7.102067e-04       3.152645e-03       1.077821e-01       1.072779e-02       4.302838e-02
       30700       5.256423e-03       5.607730e-04       2.850297e-03       1.114753e-01       1.052142e-02       4.541619e-02
       30800       5.033837e-03       7.543292e-04       2.632094e-03       9.962717e-02       8.969503e-03       4.555398e-02
       30900       4.890415e-03       5.190444e-04       2.781668e-03       1.017212e-01       8.592636e-03       4.576954e-02
       31000       5.021323e-03       3.373574e-04       2.821326e-03       1.173437e-01       1.142104e-02       4.577607e-02
       31100       5.450365e-03       1.693374e-04       3.186074e-03       1.255492e-01       6.499545e-03       4.624530e-02
       31200       5.556274e-03       3.863595e-04       2.978692e-03       1.070536e-01       1.109323e-02       4.565369e-02
       31300       5.234295e-03       1.640222e-04       2.922202e-03       1.085045e-01       1.157267e-02       4.691162e-02
       31400       5.926209e-03       7.968359e-04       3.310585e-03       1.165826e-01       6.295186e-03       4.631627e-02
       31500       6.131161e-03       9.440787e-04       3.474153e-03       1.019290e-01       1.045305e-02       4.597827e-02
       31600       4.031051e-03       4.832465e-04       2.316338e-03       1.790783e-01       9.819123e-03       4.682730e-02
       31700       5.414860e-03       4.224768e-04       3.118074e-03       1.166831e-01       9.520366e-03       4.356705e-02
       31800       5.192300e-03       7.791753e-04       2.795510e-03       1.149353e-01       1.379338e-02       4.637189e-02
       31900       5.046495e-03       8.726099e-04       2.677861e-03       1.249851e-01       1.033105e-02       4.782855e-02
       32000       5.307181e-03       6.359197e-04       2.854746e-03       1.483915e-01       1.108705e-02       4.999516e-02
       32100       5.228968e-03       6.202341e-04       2.852868e-03       1.230645e-01       1.294928e-02       4.834515e-02
       32200       5.787425e-03       4.571119e-04       2.974186e-03       1.072533e-01       1.284038e-02       4.800008e-02
       32300       5.597101e-03       5.882082e-04       2.775968e-03       1.205893e-01       1.209906e-02       4.735732e-02
       32400       5.379676e-03       1.920692e-04       3.024379e-03       1.173148e-01       1.313804e-02       4.999655e-02
       32500       4.956057e-03       9.468374e-04       3.060367e-03       1.306555e-01       1.280289e-02       5.011042e-02
       32600       5.844365e-03       1.113704e-03       3.294501e-03       1.160646e-01       1.189255e-02       4.943384e-02
       32700       6.687117e-03       8.336503e-04       3.290991e-03       1.251547e-01       1.280075e-02       4.936390e-02
       32800       6.056827e-03       4.289121e-04       3.228568e-03       1.266314e-01       1.296814e-02       4.917800e-02
       32900       6.072215e-03       1.437818e-04       3.262020e-03       1.202136e-01       1.241210e-02       5.077757e-02
       33000       6.203097e-03       6.248700e-04       3.219084e-03       1.239252e-01       1.314696e-02       5.202727e-02
       33100       6.258538e-03       4.344140e-04       3.528701e-03       1.338174e-01       1.116915e-02       5.057168e-02
       33200       5.705865e-03       6.901991e-04       3.339711e-03       1.161170e-01       1.027276e-02       5.054827e-02
       33300       6.618163e-03       8.144092e-04       3.512700e-03       1.289573e-01       1.541803e-02       5.154914e-02
       33400       6.778977e-03       3.834967e-04       3.331120e-03       1.305287e-01       1.399459e-02       5.275604e-02
       33500       7.553517e-03       1.331048e-03       4.068783e-03       1.246332e-01       1.149799e-02       5.634732e-02
       33600       7.676557e-03       1.183828e-04       3.772297e-03       1.190431e-01       1.234121e-02       5.244856e-02
       33700       7.121950e-03       5.422973e-04       3.694074e-03       1.267310e-01       1.245665e-02       5.148836e-02
       33800       7.104366e-03       5.890170e-04       3.716363e-03       1.087931e-01       1.222559e-02       5.183383e-02
       33900       6.753562e-03       6.157273e-04       3.474986e-03       1.315449e-01       7.707314e-03       5.407445e-02
       34000       7.007438e-03       7.214798e-04       3.458895e-03       1.245998e-01       7.054597e-03       5.450122e-02
       34100       6.477190e-03       3.434507e-04       3.573025e-03       1.173377e-01       1.564929e-02       5.520580e-02
       34200       4.979803e-03       6.487309e-04       2.728673e-03       1.212534e-01       1.189371e-02       5.362060e-02
       34300       6.525054e-03       4.151596e-04       3.816719e-03       1.275571e-01       1.305545e-02       5.498977e-02
       34400       6.166077e-03       3.743407e-04       3.201138e-03       1.236950e-01       1.059151e-02       5.321109e-02
       34500       6.812052e-03       8.481943e-04       3.816010e-03       1.620673e-01       1.513500e-02       5.788607e-02
       34600       8.042033e-03       3.523866e-04       3.752685e-03       1.239009e-01       9.685019e-03       5.715075e-02
       34700       6.164148e-03       8.339619e-04       3.536534e-03       1.294011e-01       1.221168e-02       5.685586e-02
       34800       7.473751e-03       6.641287e-04       3.863185e-03       1.270323e-01       6.973560e-03       5.669819e-02
       34900       8.501621e-03       6.606780e-04       4.270640e-03       1.215379e-01       1.143811e-02       5.649942e-02
       35000       7.918729e-03       7.142248e-04       4.198555e-03       1.409617e-01       1.300405e-02       5.709499e-02
       35100       7.320150e-03       5.394013e-04       4.080892e-03       1.406066e-01       1.218667e-02       5.811427e-02
       35200       9.028682e-03       3.308056e-04       4.555497e-03       1.400171e-01       1.267350e-02       6.055041e-02
       35300       7.272527e-03       4.719061e-04       3.980519e-03       1.591670e-01       1.570212e-02       6.221110e-02
       35400       8.921775e-03       6.322804e-04       4.080622e-03       1.331992e-01       1.234143e-02       6.141499e-02
       35500       7.461125e-03       4.748988e-04       4.058267e-03       1.494583e-01       2.118631e-02       6.190514e-02
       35600       7.436704e-03       5.552147e-04       4.051495e-03       1.268204e-01       1.434442e-02       6.018163e-02
       35700       8.103490e-03       7.860967e-04       4.477384e-03       1.422215e-01       1.324951e-02       6.218036e-02
       35800       8.612402e-03       9.263515e-04       4.504592e-03       1.362103e-01       1.502912e-02       6.067416e-02
       35900       8.208008e-03       8.986751e-04       3.882269e-03       1.477181e-01       1.213843e-02       6.248736e-02
       36000       8.488821e-03       1.127180e-03       4.044783e-03       1.350705e-01       1.198430e-02       6.177812e-02
       36100       7.438210e-03       9.445802e-04       3.710750e-03       1.199960e-01       1.369640e-02       5.820622e-02
       36200       9.582690e-03       7.552721e-04       4.293839e-03       1.413005e-01       1.284398e-02       5.917584e-02
       36300       8.136018e-03       4.428212e-04       4.206141e-03       1.249849e-01       1.663669e-02       5.928355e-02
       36400       7.121317e-03       7.068975e-04       4.171454e-03       1.347464e-01       1.207328e-02       6.057261e-02
       36500       7.535338e-03       5.906482e-04       4.061250e-03       1.236976e-01       1.244487e-02       6.138796e-02
       36600       9.714094e-03       4.870616e-04       4.815642e-03       1.224037e-01       1.071105e-02       6.270305e-02
       36700       7.641457e-03       8.402649e-04       4.174294e-03       1.277176e-01       1.392959e-02       6.394570e-02
       36800       7.573673e-03       3.927749e-04       4.273210e-03       1.153601e-01       1.182034e-02       6.271204e-02
       36900       8.889886e-03       6.994839e-04       4.598806e-03       1.447035e-01       1.343820e-02       6.481047e-02
       37000       9.062774e-03       2.446536e-04       4.514275e-03       1.329523e-01       1.282998e-02       6.532146e-02
       37100       8.737426e-03       4.545495e-04       4.456007e-03       1.389673e-01       1.404903e-02       6.502028e-02
       37200       9.161754e-03       7.954540e-04       4.637472e-03       1.259528e-01       1.522858e-02       6.557138e-02
       37300       8.475623e-03       5.561767e-04       4.642660e-03       1.710264e-01       1.753042e-02       6.838008e-02
       37400       8.530234e-03       1.202701e-03       4.558874e-03       1.519744e-01       1.741345e-02       6.404046e-02
       37500       8.229079e-03       7.781576e-04       4.586272e-03       1.282344e-01       1.751875e-02       6.329416e-02
       37600       8.957681e-03       6.519041e-04       4.336372e-03       1.492883e-01       8.015418e-03       6.415937e-02
       37700       9.953727e-03       8.784769e-04       4.646994e-03       1.613959e-01       1.342235e-02       6.726043e-02
       37800       1.009479e-02       1.133402e-03       4.821550e-03       1.317655e-01       1.565487e-02       6.593459e-02
       37900       9.474431e-03       1.348269e-03       5.342886e-03       1.846310e-01       1.549138e-02       6.701830e-02
       38000       1.079576e-02       8.283286e-04       5.610720e-03       1.397388e-01       1.739060e-02       6.778954e-02
       38100       1.078356e-02       3.349568e-04       5.311770e-03       1.561503e-01       1.673731e-02       6.777720e-02
       38200       8.681098e-03       9.877820e-04       4.812742e-03       1.296508e-01       1.731762e-02       6.595008e-02
       38300       9.023827e-03       1.250278e-03       5.181909e-03       2.068552e-01       1.783583e-02       7.088898e-02
       38400       9.911082e-03       3.244521e-04       5.449701e-03       1.363654e-01       1.149447e-02       7.047798e-02
       38500       1.171511e-02       9.880744e-04       6.031336e-03       1.438197e-01       1.720332e-02       7.335661e-02
       38600       1.125973e-02       4.550247e-04       6.034108e-03       1.422631e-01       1.485406e-02       7.220701e-02
       38700       1.244781e-02       1.027773e-03       6.058045e-03       1.467992e-01       1.953310e-02       7.306438e-02
       38800       1.103086e-02       6.057417e-04       6.047927e-03       1.318703e-01       1.384672e-02       7.299333e-02
       38900       1.171309e-02       1.241641e-03       6.399034e-03       1.425322e-01       1.290754e-02       7.549916e-02
       39000       1.334647e-02       1.087563e-03       6.745423e-03       1.377350e-01       1.576773e-02       7.419407e-02
       39100       1.123641e-02       5.568593e-04       6.194446e-03       1.689024e-01       1.521154e-02       7.765748e-02
       39200       1.237952e-02       3.767848e-04       6.382164e-03       1.420085e-01       1.021328e-02       7.524882e-02
       39300       1.397071e-02       3.372709e-04       7.014243e-03       1.531542e-01       1.487860e-02       7.750470e-02
       39400       1.245691e-02       5.331567e-04       6.487757e-03       1.563661e-01       2.213707e-02       7.768056e-02
       39500       1.096618e-02       3.192220e-04       6.134205e-03       1.875718e-01       1.870723e-02       7.850060e-02
       39600       1.193250e-02       4.976131e-04       6.109609e-03       1.536384e-01       1.597986e-02       7.518727e-02
       39700       1.523699e-02       3.612706e-04       6.870964e-03       1.637360e-01       1.389265e-02       7.778461e-02
       39800       1.387142e-02       7.259340e-04       6.515657e-03       1.604093e-01       9.889757e-03       7.860548e-02
       39900       1.204130e-02       1.228842e-03       6.265202e-03       1.583381e-01       9.338951e-03       7.767057e-02
       40000       1.307397e-02       6.523163e-04       6.777242e-03       1.595886e-01       1.297007e-02       7.918360e-02
       40100       1.176280e-02       7.577917e-04       6.531472e-03       1.400522e-01       1.745839e-02       7.979129e-02
       40200       1.209925e-02       7.986568e-04       6.387795e-03       1.493032e-01       1.179299e-02       7.798138e-02
       40300       1.111603e-02       1.989824e-04       6.001611e-03       1.550075e-01       1.716119e-02       7.646934e-02
       40400       1.273450e-02       1.772414e-03       6.298280e-03       1.599583e-01       7.510892e-03       7.497823e-02
       40500       1.300853e-02       1.417863e-03       6.318648e-03       1.467849e-01       9.859241e-03       7.685232e-02
       40600       1.132683e-02       5.919784e-04       6.301964e-03       1.642776e-01       1.662898e-02       7.662953e-02
       40700       1.253356e-02       1.827398e-04       6.693868e-03       1.377412e-01       1.656384e-02       7.722309e-02
       40800       1.210007e-02       3.515329e-04       6.360609e-03       1.945648e-01       1.605155e-02       7.554442e-02
       40900       1.274087e-02       5.330268e-04       6.909266e-03       1.506752e-01       1.664728e-02       7.676174e-02
       41000       1.362498e-02       4.490085e-04       7.139624e-03       1.680729e-01       1.442802e-02       7.445424e-02
       41100       1.268278e-02       4.993650e-04       6.889584e-03       1.482577e-01       1.027656e-02       7.573983e-02
       41200       1.172960e-02       7.937988e-04       6.323453e-03       2.006162e-01       1.159165e-02       7.602575e-02
       41300       1.275500e-02       9.943618e-04       6.369737e-03       1.663925e-01       1.727556e-02       7.873556e-02
       41400       1.226600e-02       9.203496e-04       6.335233e-03       1.709444e-01       1.655425e-02       7.671455e-02
       41500       1.211288e-02       7.431433e-04       5.954521e-03       1.894184e-01       1.072105e-02       7.547537e-02
       41600       1.174653e-02       7.751136e-04       6.180865e-03       1.656821e-01       1.466293e-02       7.470829e-02
       41700       1.378419e-02       4.587504e-04       6.866079e-03       1.667240e-01       1.686105e-02       7.885477e-02
       41800       1.376842e-02       4.830439e-04       7.149567e-03       1.830235e-01       2.043424e-02       8.014251e-02
       41900       1.387616e-02       8.843011e-04       6.879061e-03       1.926716e-01       2.130321e-02       8.190780e-02
       42000       1.251796e-02       1.155606e-03       6.532714e-03       1.407879e-01       1.227658e-02       7.773551e-02
       42100       1.368721e-02       1.085362e-03       6.739474e-03       1.624980e-01       1.453243e-02       7.860879e-02
       42200       1.222386e-02       5.756465e-04       6.424749e-03       1.526751e-01       1.626944e-02       7.929699e-02
       42300       1.256590e-02       8.238281e-04       6.536084e-03       1.454230e-01       1.477120e-02       7.949642e-02
       42400       1.307142e-02       6.523452e-04       6.712145e-03       1.367065e-01       1.574631e-02       7.958857e-02
       42500       1.317855e-02       7.237925e-04       6.860172e-03       1.557163e-01       1.363597e-02       8.364401e-02
       42600       1.404329e-02       8.752833e-04       7.163041e-03       1.743800e-01       8.670020e-03       8.241772e-02
       42700       1.241805e-02       6.267942e-04       6.578065e-03       1.542843e-01       1.806664e-02       8.012699e-02
       42800       1.425003e-02       1.359851e-03       7.070103e-03       1.654010e-01       1.374818e-02       7.798016e-02
       42900       1.506058e-02       5.149458e-04       7.303591e-03       1.460659e-01       1.825007e-02       8.229416e-02
       43000       1.562467e-02       1.343908e-03       7.575932e-03       1.705273e-01       1.482944e-02       8.369744e-02
       43100       1.496087e-02       6.608701e-04       7.630006e-03       1.623660e-01       2.671051e-02       8.438553e-02
       43200       1.438589e-02       8.676069e-04       7.469292e-03       1.689537e-01       1.333327e-02       8.722025e-02
       43300       1.378933e-02       8.519848e-04       7.479679e-03       1.707409e-01       2.119189e-02       8.151441e-02
       43400       1.270783e-02       7.403502e-04       7.099835e-03       1.760370e-01       1.400083e-02       8.589406e-02
       43500       1.322436e-02       8.882484e-04       7.379772e-03       1.634812e-01       2.551142e-02       8.453096e-02
       43600       1.474958e-02       1.711413e-03       7.613309e-03       1.639935e-01       1.658244e-02       8.695088e-02
       43700       1.377612e-02       1.975635e-03       7.848894e-03       1.523160e-01       1.957994e-02       8.318907e-02
       43800       1.352196e-02       1.005534e-03       6.844509e-03       1.964016e-01       2.402618e-02       8.397520e-02
       43900       1.561886e-02       1.055221e-03       7.301193e-03       1.660209e-01       1.720652e-02       8.249199e-02
       44000       1.520751e-02       1.617568e-03       7.451966e-03       1.824867e-01       1.561913e-02       8.315671e-02
       44100       1.250364e-02       1.544576e-03       6.881135e-03       1.500177e-01       2.347452e-02       8.106425e-02
       44200       1.183601e-02       6.321426e-04       6.509871e-03       1.739586e-01       2.392928e-02       8.464687e-02
       44300       1.249216e-02       8.280946e-04       6.927413e-03       1.655937e-01       1.186216e-02       8.455088e-02
       44400       1.392835e-02       3.345158e-04       7.410273e-03       1.687431e-01       1.242858e-02       8.512166e-02
       44500       1.490689e-02       7.095242e-04       7.597206e-03       1.570021e-01       2.468045e-02       8.333839e-02
       44600       1.492908e-02       4.840163e-04       7.874190e-03       1.563334e-01       1.797662e-02       8.578671e-02
       44700       1.389495e-02       6.261283e-04       7.929605e-03       1.700916e-01       1.627997e-02       8.655478e-02
       44800       1.487389e-02       1.187500e-03       8.100355e-03       1.627484e-01       1.489923e-02       8.421585e-02
       44900       1.650361e-02       8.294120e-04       8.334450e-03       1.589659e-01       1.398423e-02       8.477066e-02
       45000       1.586057e-02       9.266704e-04       8.264867e-03       1.489782e-01       9.866300e-03       8.536628e-02
       45100       1.524761e-02       1.148600e-03       7.991252e-03       1.605341e-01       1.553516e-02       8.511059e-02
       45200       1.361839e-02       6.830637e-04       7.480003e-03       1.734202e-01       1.699102e-02       8.345253e-02
       45300       1.462085e-02       9.513923e-04       7.887101e-03       1.487330e-01       1.390453e-02       8.602392e-02
       45400       1.488703e-02       4.256766e-04       7.818829e-03       1.613457e-01       1.870435e-02       8.686872e-02
       45500       1.433693e-02       6.316964e-04       7.854439e-03       1.465702e-01       1.873897e-02       8.538134e-02
       45600       1.416178e-02       6.910399e-04       7.913078e-03       1.572122e-01       1.741560e-02       8.656294e-02
       45700       1.469028e-02       1.373278e-03       8.121211e-03       1.428603e-01       1.816649e-02       8.635021e-02
       45800       1.440669e-02       7.594333e-04       8.293671e-03       1.362123e-01       2.348840e-02       8.634793e-02
       45900       1.501026e-02       2.369673e-04       7.959865e-03       1.355435e-01       2.125712e-02       8.479119e-02
       46000       1.685238e-02       7.044652e-04       8.382445e-03       1.549614e-01       2.525373e-02       8.809101e-02
       46100       1.488541e-02       4.216961e-04       8.508246e-03       1.604581e-01       2.568825e-02       9.025068e-02
       46200       1.674738e-02       8.646226e-04       8.304747e-03       1.629681e-01       2.255432e-02       9.005625e-02
       46300       1.573440e-02       1.045607e-03       8.382726e-03       1.808564e-01       2.848223e-02       8.858253e-02
       46400       1.629412e-02       4.201915e-04       8.239170e-03       1.504769e-01       2.325825e-02       9.022781e-02
       46500       1.573699e-02       7.705659e-04       8.441831e-03       1.718218e-01       1.987039e-02       9.169453e-02
       46600       1.613931e-02       5.000462e-04       8.714689e-03       1.720016e-01       1.499701e-02       9.165294e-02
       46700       1.558361e-02       2.514017e-04       8.328791e-03       1.686363e-01       1.453507e-02       8.848853e-02
       46800       1.592430e-02       7.682931e-04       8.694633e-03       1.830647e-01       1.734546e-02       9.018652e-02
       46900       1.537970e-02       1.551946e-03       8.247064e-03       1.811533e-01       1.939182e-02       9.064941e-02
       47000       1.531117e-02       1.107198e-03       8.521507e-03       1.805930e-01       2.562074e-02       8.937220e-02
       47100       1.539608e-02       5.767872e-04       8.141688e-03       1.790480e-01       2.979300e-02       8.999521e-02
       47200       1.470373e-02       8.071601e-04       8.148463e-03       1.917120e-01       2.350970e-02       9.182090e-02
       47300       1.448405e-02       9.931913e-04       8.382892e-03       1.569862e-01       2.278988e-02       8.916568e-02
       47400       1.688988e-02       9.421678e-04       8.697446e-03       1.703216e-01       1.712562e-02       8.829812e-02
       47500       1.721280e-02       1.381470e-03       8.776313e-03       1.788244e-01       9.902750e-03       9.287877e-02
       47600       1.537207e-02       1.028044e-03       8.509529e-03       1.663067e-01       2.943280e-02       8.987353e-02
       47700       1.472552e-02       9.542755e-04       8.376983e-03       1.499956e-01       1.806662e-02       8.912784e-02
       47800       1.612331e-02       5.590656e-04       8.242430e-03       1.787537e-01       2.031236e-02       8.839521e-02
       47900       1.565678e-02       9.390456e-04       8.197759e-03       1.724203e-01       2.634032e-02       9.135131e-02
       48000       1.553452e-02       3.431943e-04       8.481848e-03       1.461106e-01       1.807488e-02       8.832517e-02
       48100       1.532162e-02       1.702075e-03       8.277234e-03       1.630141e-01       2.409479e-02       9.044846e-02
       48200       1.647656e-02       1.501365e-03       8.170546e-03       1.627653e-01       2.080403e-02       9.020308e-02
       48300       1.525899e-02       3.557066e-04       7.986215e-03       1.836745e-01       1.744274e-02       8.922694e-02
       48400       1.541824e-02       5.411716e-04       8.435734e-03       1.693111e-01       1.475845e-02       9.089863e-02
       48500       1.416759e-02       1.027838e-03       8.025783e-03       1.709670e-01       1.961617e-02       8.867127e-02
       48600       1.432692e-02       1.144490e-03       8.024147e-03       2.112151e-01       2.026540e-02       9.122285e-02
       48700       1.554072e-02       5.354132e-04       8.314423e-03       1.579523e-01       1.891785e-02       8.741474e-02
       48800       1.727656e-02       1.267744e-03       8.448205e-03       1.730445e-01       1.808355e-02       8.927279e-02
       48900       1.711944e-02       6.692973e-04       8.436174e-03       1.656106e-01       2.022364e-02       8.639168e-02
       49000       1.628119e-02       8.156280e-04       8.623087e-03       1.608979e-01       2.090955e-02       8.884443e-02
       49100       1.811913e-02       9.874073e-04       8.903283e-03       1.668303e-01       2.164596e-02       9.099898e-02
       49200       1.574087e-02       4.027532e-05       8.575203e-03       1.654596e-01       1.772853e-02       9.351040e-02
       49300       1.541061e-02       1.147938e-03       8.356598e-03       1.622447e-01       2.573709e-02       8.805217e-02
       49400       1.461618e-02       1.120228e-03       8.449947e-03       1.717905e-01       2.048551e-02       9.120247e-02
       49500       1.659250e-02       5.408039e-04       8.439855e-03       1.589934e-01       1.982725e-02       9.057601e-02
       49600       1.570530e-02       3.191822e-04       8.387029e-03       1.679614e-01       1.344619e-02       9.201590e-02
       49700       1.453902e-02       1.214223e-03       8.432014e-03       1.613020e-01       1.653823e-02       9.103319e-02
       49800       1.565020e-02       5.750719e-04       8.256961e-03       1.839866e-01       1.566914e-02       9.163294e-02
       49900       1.558305e-02       1.278449e-03       8.219606e-03       1.619304e-01       1.031380e-02       8.928813e-02
